2023-04-20 17:17:15,132 [Worker-0: Loading available Gradle versions] INFO  o.e.b.c.i.u.g.PublishedGradleVersions - Gradle version information cache is up-to-date. Trying to read.
2023-04-20 17:18:42,675 [Worker-0: Launching mavenrun-612d2ea5-fb78-45a6-a6da-bd38be059fdb] INFO  o.eclipse.m2e.core.internal.Bundles - getClasspathEntries(Bundle=org.eclipse.m2e.maven.runtime_3.8.604.20221130-2149 [603])
2023-04-20 17:18:42,685 [Worker-0: Launching mavenrun-612d2ea5-fb78-45a6-a6da-bd38be059fdb] INFO  o.eclipse.m2e.core.internal.Bundles - 	Entry: C:\Users\IT-GAURANG\.p2\pool\plugins\org.eclipse.m2e.maven.runtime_3.8.604.20221130-2149
2023-04-20 17:18:42,685 [Worker-0: Launching mavenrun-612d2ea5-fb78-45a6-a6da-bd38be059fdb] INFO  o.eclipse.m2e.core.internal.Bundles - 	Entry: C:\Users\IT-GAURANG\.p2\pool\plugins\org.eclipse.m2e.maven.runtime_3.8.604.20221130-2149\jars\aether-connector-okhttp-0.17.8.jar
2023-04-20 17:18:42,686 [Worker-0: Launching mavenrun-612d2ea5-fb78-45a6-a6da-bd38be059fdb] INFO  o.eclipse.m2e.core.internal.Bundles - 	Entry: C:\Users\IT-GAURANG\.p2\pool\plugins\org.eclipse.m2e.maven.runtime_3.8.604.20221130-2149\jars\commons-cli-1.4.jar
2023-04-20 17:18:42,687 [Worker-0: Launching mavenrun-612d2ea5-fb78-45a6-a6da-bd38be059fdb] INFO  o.eclipse.m2e.core.internal.Bundles - 	Entry: C:\Users\IT-GAURANG\.p2\pool\plugins\org.eclipse.m2e.maven.runtime_3.8.604.20221130-2149\jars\commons-io-2.6.jar
2023-04-20 17:18:42,687 [Worker-0: Launching mavenrun-612d2ea5-fb78-45a6-a6da-bd38be059fdb] INFO  o.eclipse.m2e.core.internal.Bundles - 	Entry: C:\Users\IT-GAURANG\.p2\pool\plugins\org.eclipse.m2e.maven.runtime_3.8.604.20221130-2149\jars\commons-lang3-3.8.1.jar
2023-04-20 17:18:42,688 [Worker-0: Launching mavenrun-612d2ea5-fb78-45a6-a6da-bd38be059fdb] INFO  o.eclipse.m2e.core.internal.Bundles - 	Entry: C:\Users\IT-GAURANG\.p2\pool\plugins\org.eclipse.m2e.maven.runtime_3.8.604.20221130-2149\jars\guice-4.2.2-no_aop.jar
2023-04-20 17:18:42,688 [Worker-0: Launching mavenrun-612d2ea5-fb78-45a6-a6da-bd38be059fdb] INFO  o.eclipse.m2e.core.internal.Bundles - 	Entry: C:\Users\IT-GAURANG\.p2\pool\plugins\org.eclipse.m2e.maven.runtime_3.8.604.20221130-2149\jars\jansi-2.4.0.jar
2023-04-20 17:18:42,688 [Worker-0: Launching mavenrun-612d2ea5-fb78-45a6-a6da-bd38be059fdb] INFO  o.eclipse.m2e.core.internal.Bundles - 	Entry: C:\Users\IT-GAURANG\.p2\pool\plugins\org.eclipse.m2e.maven.runtime_3.8.604.20221130-2149\jars\maven-artifact-3.8.6.jar
2023-04-20 17:18:42,688 [Worker-0: Launching mavenrun-612d2ea5-fb78-45a6-a6da-bd38be059fdb] INFO  o.eclipse.m2e.core.internal.Bundles - 	Entry: C:\Users\IT-GAURANG\.p2\pool\plugins\org.eclipse.m2e.maven.runtime_3.8.604.20221130-2149\jars\maven-builder-support-3.8.6.jar
2023-04-20 17:18:42,689 [Worker-0: Launching mavenrun-612d2ea5-fb78-45a6-a6da-bd38be059fdb] INFO  o.eclipse.m2e.core.internal.Bundles - 	Entry: C:\Users\IT-GAURANG\.p2\pool\plugins\org.eclipse.m2e.maven.runtime_3.8.604.20221130-2149\jars\maven-compat-3.8.6.jar
2023-04-20 17:18:42,689 [Worker-0: Launching mavenrun-612d2ea5-fb78-45a6-a6da-bd38be059fdb] INFO  o.eclipse.m2e.core.internal.Bundles - 	Entry: C:\Users\IT-GAURANG\.p2\pool\plugins\org.eclipse.m2e.maven.runtime_3.8.604.20221130-2149\jars\maven-core-3.8.6.jar
2023-04-20 17:18:42,689 [Worker-0: Launching mavenrun-612d2ea5-fb78-45a6-a6da-bd38be059fdb] INFO  o.eclipse.m2e.core.internal.Bundles - 	Entry: C:\Users\IT-GAURANG\.p2\pool\plugins\org.eclipse.m2e.maven.runtime_3.8.604.20221130-2149\jars\maven-embedder-3.8.6.jar
2023-04-20 17:18:42,689 [Worker-0: Launching mavenrun-612d2ea5-fb78-45a6-a6da-bd38be059fdb] INFO  o.eclipse.m2e.core.internal.Bundles - 	Entry: C:\Users\IT-GAURANG\.p2\pool\plugins\org.eclipse.m2e.maven.runtime_3.8.604.20221130-2149\jars\maven-model-3.8.6.jar
2023-04-20 17:18:42,690 [Worker-0: Launching mavenrun-612d2ea5-fb78-45a6-a6da-bd38be059fdb] INFO  o.eclipse.m2e.core.internal.Bundles - 	Entry: C:\Users\IT-GAURANG\.p2\pool\plugins\org.eclipse.m2e.maven.runtime_3.8.604.20221130-2149\jars\maven-model-builder-3.8.6.jar
2023-04-20 17:18:42,691 [Worker-0: Launching mavenrun-612d2ea5-fb78-45a6-a6da-bd38be059fdb] INFO  o.eclipse.m2e.core.internal.Bundles - 	Entry: C:\Users\IT-GAURANG\.p2\pool\plugins\org.eclipse.m2e.maven.runtime_3.8.604.20221130-2149\jars\maven-plugin-api-3.8.6.jar
2023-04-20 17:18:42,691 [Worker-0: Launching mavenrun-612d2ea5-fb78-45a6-a6da-bd38be059fdb] INFO  o.eclipse.m2e.core.internal.Bundles - 	Entry: C:\Users\IT-GAURANG\.p2\pool\plugins\org.eclipse.m2e.maven.runtime_3.8.604.20221130-2149\jars\maven-repository-metadata-3.8.6.jar
2023-04-20 17:18:42,691 [Worker-0: Launching mavenrun-612d2ea5-fb78-45a6-a6da-bd38be059fdb] INFO  o.eclipse.m2e.core.internal.Bundles - 	Entry: C:\Users\IT-GAURANG\.p2\pool\plugins\org.eclipse.m2e.maven.runtime_3.8.604.20221130-2149\jars\maven-resolver-api-1.6.3.jar
2023-04-20 17:18:42,691 [Worker-0: Launching mavenrun-612d2ea5-fb78-45a6-a6da-bd38be059fdb] INFO  o.eclipse.m2e.core.internal.Bundles - 	Entry: C:\Users\IT-GAURANG\.p2\pool\plugins\org.eclipse.m2e.maven.runtime_3.8.604.20221130-2149\jars\maven-resolver-connector-basic-1.6.3.jar
2023-04-20 17:18:42,692 [Worker-0: Launching mavenrun-612d2ea5-fb78-45a6-a6da-bd38be059fdb] INFO  o.eclipse.m2e.core.internal.Bundles - 	Entry: C:\Users\IT-GAURANG\.p2\pool\plugins\org.eclipse.m2e.maven.runtime_3.8.604.20221130-2149\jars\maven-resolver-impl-1.6.3.jar
2023-04-20 17:18:42,692 [Worker-0: Launching mavenrun-612d2ea5-fb78-45a6-a6da-bd38be059fdb] INFO  o.eclipse.m2e.core.internal.Bundles - 	Entry: C:\Users\IT-GAURANG\.p2\pool\plugins\org.eclipse.m2e.maven.runtime_3.8.604.20221130-2149\jars\maven-resolver-provider-3.8.6.jar
2023-04-20 17:18:42,692 [Worker-0: Launching mavenrun-612d2ea5-fb78-45a6-a6da-bd38be059fdb] INFO  o.eclipse.m2e.core.internal.Bundles - 	Entry: C:\Users\IT-GAURANG\.p2\pool\plugins\org.eclipse.m2e.maven.runtime_3.8.604.20221130-2149\jars\maven-resolver-spi-1.6.3.jar
2023-04-20 17:18:42,692 [Worker-0: Launching mavenrun-612d2ea5-fb78-45a6-a6da-bd38be059fdb] INFO  o.eclipse.m2e.core.internal.Bundles - 	Entry: C:\Users\IT-GAURANG\.p2\pool\plugins\org.eclipse.m2e.maven.runtime_3.8.604.20221130-2149\jars\maven-resolver-transport-wagon-1.6.3.jar
2023-04-20 17:18:42,693 [Worker-0: Launching mavenrun-612d2ea5-fb78-45a6-a6da-bd38be059fdb] INFO  o.eclipse.m2e.core.internal.Bundles - 	Entry: C:\Users\IT-GAURANG\.p2\pool\plugins\org.eclipse.m2e.maven.runtime_3.8.604.20221130-2149\jars\maven-resolver-util-1.6.3.jar
2023-04-20 17:18:42,693 [Worker-0: Launching mavenrun-612d2ea5-fb78-45a6-a6da-bd38be059fdb] INFO  o.eclipse.m2e.core.internal.Bundles - 	Entry: C:\Users\IT-GAURANG\.p2\pool\plugins\org.eclipse.m2e.maven.runtime_3.8.604.20221130-2149\jars\maven-settings-3.8.6.jar
2023-04-20 17:18:42,693 [Worker-0: Launching mavenrun-612d2ea5-fb78-45a6-a6da-bd38be059fdb] INFO  o.eclipse.m2e.core.internal.Bundles - 	Entry: C:\Users\IT-GAURANG\.p2\pool\plugins\org.eclipse.m2e.maven.runtime_3.8.604.20221130-2149\jars\maven-settings-builder-3.8.6.jar
2023-04-20 17:18:42,693 [Worker-0: Launching mavenrun-612d2ea5-fb78-45a6-a6da-bd38be059fdb] INFO  o.eclipse.m2e.core.internal.Bundles - 	Entry: C:\Users\IT-GAURANG\.p2\pool\plugins\org.eclipse.m2e.maven.runtime_3.8.604.20221130-2149\jars\maven-shared-utils-3.3.4.jar
2023-04-20 17:18:42,694 [Worker-0: Launching mavenrun-612d2ea5-fb78-45a6-a6da-bd38be059fdb] INFO  o.eclipse.m2e.core.internal.Bundles - 	Entry: C:\Users\IT-GAURANG\.p2\pool\plugins\org.eclipse.m2e.maven.runtime_3.8.604.20221130-2149\jars\okhttp-3.14.1.jar
2023-04-20 17:18:42,694 [Worker-0: Launching mavenrun-612d2ea5-fb78-45a6-a6da-bd38be059fdb] INFO  o.eclipse.m2e.core.internal.Bundles - 	Entry: C:\Users\IT-GAURANG\.p2\pool\plugins\org.eclipse.m2e.maven.runtime_3.8.604.20221130-2149\jars\okio-1.17.3.jar
2023-04-20 17:18:42,694 [Worker-0: Launching mavenrun-612d2ea5-fb78-45a6-a6da-bd38be059fdb] INFO  o.eclipse.m2e.core.internal.Bundles - 	Entry: C:\Users\IT-GAURANG\.p2\pool\plugins\org.eclipse.m2e.maven.runtime_3.8.604.20221130-2149\jars\org.eclipse.sisu.inject-0.3.5.jar
2023-04-20 17:18:42,695 [Worker-0: Launching mavenrun-612d2ea5-fb78-45a6-a6da-bd38be059fdb] INFO  o.eclipse.m2e.core.internal.Bundles - 	Entry: C:\Users\IT-GAURANG\.p2\pool\plugins\org.eclipse.m2e.maven.runtime_3.8.604.20221130-2149\jars\org.eclipse.sisu.plexus-0.3.5.jar
2023-04-20 17:18:42,695 [Worker-0: Launching mavenrun-612d2ea5-fb78-45a6-a6da-bd38be059fdb] INFO  o.eclipse.m2e.core.internal.Bundles - 	Entry: C:\Users\IT-GAURANG\.p2\pool\plugins\org.eclipse.m2e.maven.runtime_3.8.604.20221130-2149\jars\plexus-build-api-0.0.7.jar
2023-04-20 17:18:42,695 [Worker-0: Launching mavenrun-612d2ea5-fb78-45a6-a6da-bd38be059fdb] INFO  o.eclipse.m2e.core.internal.Bundles - 	Entry: C:\Users\IT-GAURANG\.p2\pool\plugins\org.eclipse.m2e.maven.runtime_3.8.604.20221130-2149\jars\plexus-cipher-2.0.jar
2023-04-20 17:18:42,696 [Worker-0: Launching mavenrun-612d2ea5-fb78-45a6-a6da-bd38be059fdb] INFO  o.eclipse.m2e.core.internal.Bundles - 	Entry: C:\Users\IT-GAURANG\.p2\pool\plugins\org.eclipse.m2e.maven.runtime_3.8.604.20221130-2149\jars\plexus-classworlds-2.6.0.jar
2023-04-20 17:18:42,696 [Worker-0: Launching mavenrun-612d2ea5-fb78-45a6-a6da-bd38be059fdb] INFO  o.eclipse.m2e.core.internal.Bundles - 	Entry: C:\Users\IT-GAURANG\.p2\pool\plugins\org.eclipse.m2e.maven.runtime_3.8.604.20221130-2149\jars\plexus-component-annotations-2.1.0.jar
2023-04-20 17:18:42,696 [Worker-0: Launching mavenrun-612d2ea5-fb78-45a6-a6da-bd38be059fdb] INFO  o.eclipse.m2e.core.internal.Bundles - 	Entry: C:\Users\IT-GAURANG\.p2\pool\plugins\org.eclipse.m2e.maven.runtime_3.8.604.20221130-2149\jars\plexus-interpolation-1.26.jar
2023-04-20 17:18:42,697 [Worker-0: Launching mavenrun-612d2ea5-fb78-45a6-a6da-bd38be059fdb] INFO  o.eclipse.m2e.core.internal.Bundles - 	Entry: C:\Users\IT-GAURANG\.p2\pool\plugins\org.eclipse.m2e.maven.runtime_3.8.604.20221130-2149\jars\plexus-sec-dispatcher-2.0.jar
2023-04-20 17:18:42,698 [Worker-0: Launching mavenrun-612d2ea5-fb78-45a6-a6da-bd38be059fdb] INFO  o.eclipse.m2e.core.internal.Bundles - 	Entry: C:\Users\IT-GAURANG\.p2\pool\plugins\org.eclipse.m2e.maven.runtime_3.8.604.20221130-2149\jars\plexus-utils-3.3.1.jar
2023-04-20 17:18:42,698 [Worker-0: Launching mavenrun-612d2ea5-fb78-45a6-a6da-bd38be059fdb] INFO  o.eclipse.m2e.core.internal.Bundles - 	Entry: C:\Users\IT-GAURANG\.p2\pool\plugins\org.eclipse.m2e.maven.runtime_3.8.604.20221130-2149\jars\wagon-file-3.5.1.jar
2023-04-20 17:18:42,698 [Worker-0: Launching mavenrun-612d2ea5-fb78-45a6-a6da-bd38be059fdb] INFO  o.eclipse.m2e.core.internal.Bundles - 	Entry: C:\Users\IT-GAURANG\.p2\pool\plugins\org.eclipse.m2e.maven.runtime_3.8.604.20221130-2149\jars\wagon-provider-api-3.5.1.jar
2023-04-20 17:18:42,702 [Worker-0: Launching mavenrun-612d2ea5-fb78-45a6-a6da-bd38be059fdb] INFO  o.eclipse.m2e.core.internal.Bundles - getClasspathEntries(Bundle=com.google.guava_30.1.0.v20221112-0806 [10])
2023-04-20 17:18:42,703 [Worker-0: Launching mavenrun-612d2ea5-fb78-45a6-a6da-bd38be059fdb] INFO  o.eclipse.m2e.core.internal.Bundles - 	Entry: C:\Users\IT-GAURANG\.p2\pool\plugins\com.google.guava_30.1.0.v20221112-0806.jar
2023-04-20 17:18:42,704 [Worker-0: Launching mavenrun-612d2ea5-fb78-45a6-a6da-bd38be059fdb] INFO  o.eclipse.m2e.core.internal.Bundles - getClasspathEntries(Bundle=slf4j.api_1.7.36 [915])
2023-04-20 17:18:42,706 [Worker-0: Launching mavenrun-612d2ea5-fb78-45a6-a6da-bd38be059fdb] INFO  o.eclipse.m2e.core.internal.Bundles - 	Entry: C:\Users\IT-GAURANG\.p2\pool\plugins\slf4j.api_1.7.36.jar
2023-04-20 17:18:42,706 [Worker-0: Launching mavenrun-612d2ea5-fb78-45a6-a6da-bd38be059fdb] INFO  o.eclipse.m2e.core.internal.Bundles - getClasspathEntries(Bundle=javax.inject_1.0.0.v20220405-0441 [32])
2023-04-20 17:18:42,708 [Worker-0: Launching mavenrun-612d2ea5-fb78-45a6-a6da-bd38be059fdb] INFO  o.eclipse.m2e.core.internal.Bundles - 	Entry: C:\Users\IT-GAURANG\.p2\pool\plugins\javax.inject_1.0.0.v20220405-0441.jar
2023-04-20 17:18:42,708 [Worker-0: Launching mavenrun-612d2ea5-fb78-45a6-a6da-bd38be059fdb] INFO  o.eclipse.m2e.core.internal.Bundles - getClasspathEntries(Bundle=javax.annotation_1.3.5.v20221112-0806 [30])
2023-04-20 17:18:42,710 [Worker-0: Launching mavenrun-612d2ea5-fb78-45a6-a6da-bd38be059fdb] INFO  o.eclipse.m2e.core.internal.Bundles - 	Entry: C:\Users\IT-GAURANG\.p2\pool\plugins\javax.annotation_1.3.5.v20221112-0806.jar
2023-04-20 17:18:42,788 [Worker-0: Launching mavenrun-612d2ea5-fb78-45a6-a6da-bd38be059fdb] INFO  o.e.m.i.launch.MavenLaunchDelegate - Run build in "C:\Users\IT-GAU~1\AppData\Local\Temp\m2e-archetypeGenerator14450626226808320148":
2023-04-20 17:18:42,814 [Worker-0: Launching mavenrun-612d2ea5-fb78-45a6-a6da-bd38be059fdb] INFO  o.e.m.i.launch.MavenLaunchDelegate -  mvn  -DarchetypeGroupId=org.apache.maven.archetypes -DarchetypeArtifactId=maven-archetype-quickstart -DarchetypeVersion=1.1 -DgroupId=hibernate -DartifactId=start -Dversion=0.0.1-SNAPSHOT -Dpackage=hibernate.start -DoutputDirectory=C:\Users\IT-GAURANG\Desktop\hibernatefromscratch -Dstyle.color=always -U archetype:generate
2023-04-20 17:19:09,837 [Worker-7: Creating maven-archetype-quickstart] INFO  o.e.m.c.i.p.ProjectConfigurationManager - Collecting project info '/pom.xml' C:\Users\IT-GAURANG\Desktop\hibernatefromscratch\start\pom.xml
2023-04-20 17:19:13,292 [Worker-7: Creating maven-archetype-quickstart] INFO  o.e.m.c.i.l.LifecycleMappingFactory - Using org.eclipse.m2e.jdt.JarLifecycleMapping lifecycle mapping for MavenProject: hibernate:start:0.0.1-SNAPSHOT @ C:\Users\IT-GAURANG\Desktop\hibernatefromscratch\start\pom.xml.
2023-04-20 17:19:14,328 [Worker-7: Creating maven-archetype-quickstart] INFO  o.e.m.j.i.AbstractJavaProjectConfigurator - Adding source folder /start/src/main/java
2023-04-20 17:19:14,342 [Worker-7: Creating maven-archetype-quickstart] INFO  o.e.m.j.i.AbstractJavaProjectConfigurator - Adding source folder /start/src/test/java
2023-04-20 17:19:14,562 [Worker-7: Creating maven-archetype-quickstart] INFO  o.e.m.c.i.p.ProjectConfigurationManager - Imported and configured 1 project(s) in 4 sec
2023-04-20 17:19:18,843 [Worker-6: Building] INFO  o.e.m.c.i.embedder.EclipseLogger - Using 'UTF-8' encoding to copy filtered resources.
2023-04-20 17:19:18,844 [Worker-6: Building] INFO  o.e.m.c.i.embedder.EclipseLogger - skip non existing resourceDirectory C:\Users\IT-GAURANG\Desktop\hibernatefromscratch\start\src\main\resources
2023-04-20 17:19:18,856 [Worker-6: Building] INFO  o.e.m.c.i.embedder.EclipseLogger - Using 'UTF-8' encoding to copy filtered resources.
2023-04-20 17:19:18,857 [Worker-6: Building] INFO  o.e.m.c.i.embedder.EclipseLogger - skip non existing resourceDirectory C:\Users\IT-GAURANG\Desktop\hibernatefromscratch\start\src\test\resources
2023-04-20 17:19:50,962 [Worker-7: Building] INFO  o.e.m.c.i.embedder.EclipseLogger - Using 'UTF-8' encoding to copy filtered resources.
2023-04-20 17:19:50,962 [Worker-7: Building] INFO  o.e.m.c.i.embedder.EclipseLogger - skip non existing resourceDirectory C:\Users\IT-GAURANG\Desktop\hibernatefromscratch\start\src\main\resources
2023-04-20 17:19:50,969 [Worker-7: Building] INFO  o.e.m.c.i.embedder.EclipseLogger - Using 'UTF-8' encoding to copy filtered resources.
2023-04-20 17:19:50,969 [Worker-7: Building] INFO  o.e.m.c.i.embedder.EclipseLogger - skip non existing resourceDirectory C:\Users\IT-GAURANG\Desktop\hibernatefromscratch\start\src\test\resources
2023-04-20 17:21:46,368 [Worker-9: Building] INFO  o.e.m.c.i.l.LifecycleMappingFactory - Using org.eclipse.m2e.jdt.JarLifecycleMapping lifecycle mapping for MavenProject: hibernate:start:0.0.1-SNAPSHOT @ C:\Users\IT-GAURANG\Desktop\hibernatefromscratch\start\pom.xml.
2023-04-20 17:21:47,260 [Worker-9: Building] INFO  o.e.m.c.i.embedder.EclipseLogger - Using 'UTF-8' encoding to copy filtered resources.
2023-04-20 17:21:47,261 [Worker-9: Building] INFO  o.e.m.c.i.embedder.EclipseLogger - skip non existing resourceDirectory C:\Users\IT-GAURANG\Desktop\hibernatefromscratch\start\src\main\resources
2023-04-20 17:21:47,276 [Worker-9: Building] INFO  o.e.m.c.i.embedder.EclipseLogger - Using 'UTF-8' encoding to copy filtered resources.
2023-04-20 17:21:47,277 [Worker-9: Building] INFO  o.e.m.c.i.embedder.EclipseLogger - skip non existing resourceDirectory C:\Users\IT-GAURANG\Desktop\hibernatefromscratch\start\src\test\resources
2023-04-20 17:21:49,675 [Worker-11: Download sources and javadoc] INFO  o.e.m.c.i.e.AbstractTransferListenerAdapter - Downloaded https://repo.maven.apache.org/maven2/antlr/antlr/2.7.7/antlr-2.7.7-sources.jar
2023-04-20 17:21:49,684 [Worker-11: Download sources and javadoc] ERROR o.e.m.j.internal.DownloadSourcesJob - Could not download sources for antlr:antlr:2.7.7
org.eclipse.core.runtime.CoreException: Could not resolve artifact antlr:antlr:jar:sources:2.7.7
	at org.eclipse.m2e.core.internal.embedder.MavenImpl.lambda$6(MavenImpl.java:587)
	at org.eclipse.m2e.core.internal.embedder.MavenExecutionContext.executeBare(MavenExecutionContext.java:364)
	at org.eclipse.m2e.core.internal.embedder.MavenExecutionContext.execute(MavenExecutionContext.java:227)
	at org.eclipse.m2e.core.internal.embedder.MavenExecutionContext.execute(MavenExecutionContext.java:213)
	at org.eclipse.m2e.core.internal.embedder.MavenImpl.resolve(MavenImpl.java:556)
	at org.eclipse.m2e.core.internal.embedder.MavenImpl.resolve(MavenImpl.java:541)
	at org.eclipse.m2e.jdt.internal.DownloadSourcesJob.download(DownloadSourcesJob.java:308)
	at org.eclipse.m2e.jdt.internal.DownloadSourcesJob.downloadAttachments(DownloadSourcesJob.java:282)
	at org.eclipse.m2e.jdt.internal.DownloadSourcesJob.downloadMaven(DownloadSourcesJob.java:252)
	at org.eclipse.m2e.jdt.internal.DownloadSourcesJob.downloadFilesAndPopulateToUpdate(DownloadSourcesJob.java:220)
	at org.eclipse.m2e.jdt.internal.DownloadSourcesJob.lambda$0(DownloadSourcesJob.java:149)
	at org.eclipse.m2e.core.internal.embedder.MavenExecutionContext.executeBare(MavenExecutionContext.java:364)
	at org.eclipse.m2e.core.internal.embedder.MavenExecutionContext.execute(MavenExecutionContext.java:274)
	at org.eclipse.m2e.core.internal.embedder.MavenExecutionContext.execute(MavenExecutionContext.java:213)
	at org.eclipse.m2e.core.embedder.IMaven.execute(IMaven.java:294)
	at org.eclipse.m2e.jdt.internal.DownloadSourcesJob.run(DownloadSourcesJob.java:149)
	at org.eclipse.core.internal.jobs.Worker.run(Worker.java:63)
2023-04-20 17:21:50,411 [Worker-1: Building] INFO  o.e.m.c.i.embedder.EclipseLogger - Using 'UTF-8' encoding to copy filtered resources.
2023-04-20 17:21:50,412 [Worker-1: Building] INFO  o.e.m.c.i.embedder.EclipseLogger - skip non existing resourceDirectory C:\Users\IT-GAURANG\Desktop\hibernatefromscratch\start\src\main\resources
2023-04-20 17:21:50,415 [Worker-1: Building] INFO  o.e.m.c.i.embedder.EclipseLogger - Using 'UTF-8' encoding to copy filtered resources.
2023-04-20 17:21:50,417 [Worker-1: Building] INFO  o.e.m.c.i.embedder.EclipseLogger - skip non existing resourceDirectory C:\Users\IT-GAURANG\Desktop\hibernatefromscratch\start\src\test\resources
2023-04-20 17:21:51,366 [Worker-11: Download sources and javadoc] INFO  o.e.m.c.i.e.AbstractTransferListenerAdapter - Downloading https://repo.maven.apache.org/maven2/org/jboss/spec/javax/transaction/jboss-transaction-api_1.2_spec/1.1.1.Final/jboss-transaction-api_1.2_spec-1.1.1.Final-sources.jar
2023-04-20 17:21:51,473 [Worker-11: Download sources and javadoc] INFO  o.e.m.c.i.e.AbstractTransferListenerAdapter - Downloaded https://repo.maven.apache.org/maven2/org/jboss/spec/javax/transaction/jboss-transaction-api_1.2_spec/1.1.1.Final/jboss-transaction-api_1.2_spec-1.1.1.Final-sources.jar
2023-04-20 17:21:51,478 [Worker-11: Download sources and javadoc] INFO  o.e.m.j.internal.DownloadSourcesJob - Downloaded sources for org.jboss.spec.javax.transaction:jboss-transaction-api_1.2_spec:1.1.1.Final
2023-04-20 17:21:51,752 [Worker-11: Download sources and javadoc] INFO  o.e.m.c.i.e.AbstractTransferListenerAdapter - Downloading https://repo.maven.apache.org/maven2/org/jboss/jandex/2.4.2.Final/jandex-2.4.2.Final-sources.jar
2023-04-20 17:21:51,823 [Worker-11: Download sources and javadoc] INFO  o.e.m.c.i.e.AbstractTransferListenerAdapter - Downloaded https://repo.maven.apache.org/maven2/org/jboss/jandex/2.4.2.Final/jandex-2.4.2.Final-sources.jar
2023-04-20 17:21:51,829 [Worker-11: Download sources and javadoc] INFO  o.e.m.j.internal.DownloadSourcesJob - Downloaded sources for org.jboss:jandex:2.4.2.Final
2023-04-20 17:21:51,987 [Worker-11: Download sources and javadoc] INFO  o.e.m.c.i.e.AbstractTransferListenerAdapter - Downloading https://repo.maven.apache.org/maven2/com/fasterxml/classmate/1.5.1/classmate-1.5.1-sources.jar
2023-04-20 17:21:52,067 [Worker-11: Download sources and javadoc] INFO  o.e.m.c.i.e.AbstractTransferListenerAdapter - Downloaded https://repo.maven.apache.org/maven2/com/fasterxml/classmate/1.5.1/classmate-1.5.1-sources.jar
2023-04-20 17:21:52,072 [Worker-11: Download sources and javadoc] INFO  o.e.m.j.internal.DownloadSourcesJob - Downloaded sources for com.fasterxml:classmate:1.5.1
2023-04-20 17:21:52,209 [Worker-11: Download sources and javadoc] INFO  o.e.m.c.i.e.AbstractTransferListenerAdapter - Downloading https://repo.maven.apache.org/maven2/javax/activation/javax.activation-api/1.2.0/javax.activation-api-1.2.0-sources.jar
2023-04-20 17:21:52,294 [Worker-11: Download sources and javadoc] INFO  o.e.m.c.i.e.AbstractTransferListenerAdapter - Downloaded https://repo.maven.apache.org/maven2/javax/activation/javax.activation-api/1.2.0/javax.activation-api-1.2.0-sources.jar
2023-04-20 17:21:52,299 [Worker-11: Download sources and javadoc] INFO  o.e.m.j.internal.DownloadSourcesJob - Downloaded sources for javax.activation:javax.activation-api:1.2.0
2023-04-20 17:21:52,440 [Worker-11: Download sources and javadoc] INFO  o.e.m.c.i.e.AbstractTransferListenerAdapter - Downloading https://repo.maven.apache.org/maven2/org/hibernate/common/hibernate-commons-annotations/5.1.2.Final/hibernate-commons-annotations-5.1.2.Final-sources.jar
2023-04-20 17:21:52,508 [Worker-11: Download sources and javadoc] INFO  o.e.m.c.i.e.AbstractTransferListenerAdapter - Downloaded https://repo.maven.apache.org/maven2/org/hibernate/common/hibernate-commons-annotations/5.1.2.Final/hibernate-commons-annotations-5.1.2.Final-sources.jar
2023-04-20 17:21:52,512 [Worker-11: Download sources and javadoc] INFO  o.e.m.j.internal.DownloadSourcesJob - Downloaded sources for org.hibernate.common:hibernate-commons-annotations:5.1.2.Final
2023-04-20 17:21:52,653 [Worker-11: Download sources and javadoc] INFO  o.e.m.c.i.e.AbstractTransferListenerAdapter - Downloading https://repo.maven.apache.org/maven2/javax/xml/bind/jaxb-api/2.3.1/jaxb-api-2.3.1-sources.jar
2023-04-20 17:21:52,790 [Worker-11: Download sources and javadoc] INFO  o.e.m.c.i.e.AbstractTransferListenerAdapter - Downloaded https://repo.maven.apache.org/maven2/javax/xml/bind/jaxb-api/2.3.1/jaxb-api-2.3.1-sources.jar
2023-04-20 17:21:52,795 [Worker-11: Download sources and javadoc] INFO  o.e.m.j.internal.DownloadSourcesJob - Downloaded sources for javax.xml.bind:jaxb-api:2.3.1
2023-04-20 17:21:52,931 [Worker-11: Download sources and javadoc] INFO  o.e.m.c.i.e.AbstractTransferListenerAdapter - Downloading https://repo.maven.apache.org/maven2/org/glassfish/jaxb/jaxb-runtime/2.3.1/jaxb-runtime-2.3.1-sources.jar
2023-04-20 17:21:53,204 [Worker-11: Download sources and javadoc] INFO  o.e.m.c.i.e.AbstractTransferListenerAdapter - Downloaded https://repo.maven.apache.org/maven2/org/glassfish/jaxb/jaxb-runtime/2.3.1/jaxb-runtime-2.3.1-sources.jar
2023-04-20 17:21:53,208 [Worker-11: Download sources and javadoc] INFO  o.e.m.j.internal.DownloadSourcesJob - Downloaded sources for org.glassfish.jaxb:jaxb-runtime:2.3.1
2023-04-20 17:21:53,355 [Worker-11: Download sources and javadoc] INFO  o.e.m.c.i.e.AbstractTransferListenerAdapter - Downloading https://repo.maven.apache.org/maven2/org/glassfish/jaxb/txw2/2.3.1/txw2-2.3.1-sources.jar
2023-04-20 17:21:53,457 [Worker-11: Download sources and javadoc] INFO  o.e.m.c.i.e.AbstractTransferListenerAdapter - Downloaded https://repo.maven.apache.org/maven2/org/glassfish/jaxb/txw2/2.3.1/txw2-2.3.1-sources.jar
2023-04-20 17:21:53,462 [Worker-11: Download sources and javadoc] INFO  o.e.m.j.internal.DownloadSourcesJob - Downloaded sources for org.glassfish.jaxb:txw2:2.3.1
2023-04-20 17:21:53,595 [Worker-11: Download sources and javadoc] INFO  o.e.m.c.i.e.AbstractTransferListenerAdapter - Downloading https://repo.maven.apache.org/maven2/com/sun/istack/istack-commons-runtime/3.0.7/istack-commons-runtime-3.0.7-sources.jar
2023-04-20 17:21:53,654 [Worker-11: Download sources and javadoc] INFO  o.e.m.c.i.e.AbstractTransferListenerAdapter - Downloaded https://repo.maven.apache.org/maven2/com/sun/istack/istack-commons-runtime/3.0.7/istack-commons-runtime-3.0.7-sources.jar
2023-04-20 17:21:53,659 [Worker-11: Download sources and javadoc] INFO  o.e.m.j.internal.DownloadSourcesJob - Downloaded sources for com.sun.istack:istack-commons-runtime:3.0.7
2023-04-20 17:21:53,794 [Worker-11: Download sources and javadoc] INFO  o.e.m.c.i.e.AbstractTransferListenerAdapter - Downloading https://repo.maven.apache.org/maven2/org/jvnet/staxex/stax-ex/1.8/stax-ex-1.8-sources.jar
2023-04-20 17:21:53,970 [Worker-11: Download sources and javadoc] INFO  o.e.m.c.i.e.AbstractTransferListenerAdapter - Downloaded https://repo.maven.apache.org/maven2/org/jvnet/staxex/stax-ex/1.8/stax-ex-1.8-sources.jar
2023-04-20 17:21:53,979 [Worker-11: Download sources and javadoc] INFO  o.e.m.j.internal.DownloadSourcesJob - Downloaded sources for org.jvnet.staxex:stax-ex:1.8
2023-04-20 17:21:54,126 [Worker-11: Download sources and javadoc] INFO  o.e.m.c.i.e.AbstractTransferListenerAdapter - Downloading https://repo.maven.apache.org/maven2/com/sun/xml/fastinfoset/FastInfoset/1.2.15/FastInfoset-1.2.15-sources.jar
2023-04-20 17:21:54,254 [Worker-11: Download sources and javadoc] INFO  o.e.m.c.i.e.AbstractTransferListenerAdapter - Downloaded https://repo.maven.apache.org/maven2/com/sun/xml/fastinfoset/FastInfoset/1.2.15/FastInfoset-1.2.15-sources.jar
2023-04-20 17:21:54,259 [Worker-11: Download sources and javadoc] INFO  o.e.m.j.internal.DownloadSourcesJob - Downloaded sources for com.sun.xml.fastinfoset:FastInfoset:1.2.15
2023-04-20 17:21:54,412 [Worker-11: Download sources and javadoc] INFO  o.e.m.c.i.e.AbstractTransferListenerAdapter - Downloading https://repo.maven.apache.org/maven2/mysql/mysql-connector-java/8.0.28/mysql-connector-java-8.0.28-sources.jar
2023-04-20 17:21:54,725 [Worker-11: Download sources and javadoc] INFO  o.e.m.c.i.e.AbstractTransferListenerAdapter - Downloaded https://repo.maven.apache.org/maven2/mysql/mysql-connector-java/8.0.28/mysql-connector-java-8.0.28-sources.jar
2023-04-20 17:21:54,730 [Worker-11: Download sources and javadoc] INFO  o.e.m.j.internal.DownloadSourcesJob - Downloaded sources for mysql:mysql-connector-java:8.0.28
2023-04-20 17:21:54,905 [Worker-11: Download sources and javadoc] INFO  o.e.m.c.i.e.AbstractTransferListenerAdapter - Downloading https://repo.maven.apache.org/maven2/com/google/protobuf/protobuf-java/3.11.4/protobuf-java-3.11.4-sources.jar
2023-04-20 17:21:55,129 [Worker-11: Download sources and javadoc] INFO  o.e.m.c.i.e.AbstractTransferListenerAdapter - Downloaded https://repo.maven.apache.org/maven2/com/google/protobuf/protobuf-java/3.11.4/protobuf-java-3.11.4-sources.jar
2023-04-20 17:21:55,133 [Worker-11: Download sources and javadoc] INFO  o.e.m.j.internal.DownloadSourcesJob - Downloaded sources for com.google.protobuf:protobuf-java:3.11.4
2023-04-20 17:21:55,458 [Worker-9: Building] INFO  o.e.m.c.i.embedder.EclipseLogger - Using 'UTF-8' encoding to copy filtered resources.
2023-04-20 17:21:55,458 [Worker-9: Building] INFO  o.e.m.c.i.embedder.EclipseLogger - skip non existing resourceDirectory C:\Users\IT-GAURANG\Desktop\hibernatefromscratch\start\src\main\resources
2023-04-20 17:21:55,462 [Worker-9: Building] INFO  o.e.m.c.i.embedder.EclipseLogger - Using 'UTF-8' encoding to copy filtered resources.
2023-04-20 17:21:55,462 [Worker-9: Building] INFO  o.e.m.c.i.embedder.EclipseLogger - skip non existing resourceDirectory C:\Users\IT-GAURANG\Desktop\hibernatefromscratch\start\src\test\resources
2023-04-20 17:25:33,506 [Worker-15: Download sources and javadoc] INFO  o.e.m.c.i.e.AbstractTransferListenerAdapter - Downloaded https://repo.maven.apache.org/maven2/antlr/antlr/2.7.7/antlr-2.7.7-javadoc.jar
2023-04-20 17:25:33,511 [Worker-15: Download sources and javadoc] ERROR o.e.m.j.internal.DownloadSourcesJob - Could not download javadoc for antlr:antlr:2.7.7
org.eclipse.core.runtime.CoreException: Could not resolve artifact antlr:antlr:jar:javadoc:2.7.7
	at org.eclipse.m2e.core.internal.embedder.MavenImpl.lambda$6(MavenImpl.java:587)
	at org.eclipse.m2e.core.internal.embedder.MavenExecutionContext.executeBare(MavenExecutionContext.java:364)
	at org.eclipse.m2e.core.internal.embedder.MavenExecutionContext.execute(MavenExecutionContext.java:227)
	at org.eclipse.m2e.core.internal.embedder.MavenExecutionContext.execute(MavenExecutionContext.java:213)
	at org.eclipse.m2e.core.internal.embedder.MavenImpl.resolve(MavenImpl.java:556)
	at org.eclipse.m2e.core.internal.embedder.MavenImpl.resolve(MavenImpl.java:541)
	at org.eclipse.m2e.jdt.internal.DownloadSourcesJob.download(DownloadSourcesJob.java:308)
	at org.eclipse.m2e.jdt.internal.DownloadSourcesJob.downloadAttachments(DownloadSourcesJob.java:294)
	at org.eclipse.m2e.jdt.internal.DownloadSourcesJob.downloadMaven(DownloadSourcesJob.java:252)
	at org.eclipse.m2e.jdt.internal.DownloadSourcesJob.downloadFilesAndPopulateToUpdate(DownloadSourcesJob.java:220)
	at org.eclipse.m2e.jdt.internal.DownloadSourcesJob.lambda$0(DownloadSourcesJob.java:149)
	at org.eclipse.m2e.core.internal.embedder.MavenExecutionContext.executeBare(MavenExecutionContext.java:364)
	at org.eclipse.m2e.core.internal.embedder.MavenExecutionContext.execute(MavenExecutionContext.java:274)
	at org.eclipse.m2e.core.internal.embedder.MavenExecutionContext.execute(MavenExecutionContext.java:213)
	at org.eclipse.m2e.core.embedder.IMaven.execute(IMaven.java:294)
	at org.eclipse.m2e.jdt.internal.DownloadSourcesJob.run(DownloadSourcesJob.java:149)
	at org.eclipse.core.internal.jobs.Worker.run(Worker.java:63)
2023-04-20 17:26:10,374 [main] INFO  org.hibernate.cfg.Environment - Hibernate 3.5.6-Final
2023-04-20 17:26:10,423 [main] INFO  org.hibernate.cfg.Environment - hibernate.properties not found
2023-04-20 17:26:10,426 [main] INFO  org.hibernate.cfg.Environment - Bytecode provider name : javassist
2023-04-20 17:26:10,430 [main] INFO  org.hibernate.cfg.Environment - using JDK 1.4 java.sql.Timestamp handling
2023-04-20 17:27:56,912 [Worker-10: Building] INFO  o.e.m.c.i.embedder.EclipseLogger - Using 'UTF-8' encoding to copy filtered resources.
2023-04-20 17:27:56,912 [Worker-10: Building] INFO  o.e.m.c.i.embedder.EclipseLogger - skip non existing resourceDirectory C:\Users\IT-GAURANG\Desktop\hibernatefromscratch\start\src\main\resources
2023-04-20 17:27:56,919 [Worker-10: Building] INFO  o.e.m.c.i.embedder.EclipseLogger - Using 'UTF-8' encoding to copy filtered resources.
2023-04-20 17:27:56,920 [Worker-10: Building] INFO  o.e.m.c.i.embedder.EclipseLogger - skip non existing resourceDirectory C:\Users\IT-GAURANG\Desktop\hibernatefromscratch\start\src\test\resources
2023-04-20 17:27:57,989 [Worker-1: Building] INFO  o.e.m.c.i.embedder.EclipseLogger - Using 'UTF-8' encoding to copy filtered resources.
2023-04-20 17:27:57,989 [Worker-1: Building] INFO  o.e.m.c.i.embedder.EclipseLogger - skip non existing resourceDirectory C:\Users\IT-GAURANG\Desktop\hibernatefromscratch\start\src\main\resources
2023-04-20 17:27:57,993 [Worker-1: Building] INFO  o.e.m.c.i.embedder.EclipseLogger - Using 'UTF-8' encoding to copy filtered resources.
2023-04-20 17:27:57,993 [Worker-1: Building] INFO  o.e.m.c.i.embedder.EclipseLogger - skip non existing resourceDirectory C:\Users\IT-GAURANG\Desktop\hibernatefromscratch\start\src\test\resources
2023-04-20 17:28:35,390 [Worker-19: Building] INFO  o.e.m.c.i.embedder.EclipseLogger - Using 'UTF-8' encoding to copy filtered resources.
2023-04-20 17:28:35,390 [Worker-19: Building] INFO  o.e.m.c.i.embedder.EclipseLogger - skip non existing resourceDirectory C:\Users\IT-GAURANG\Desktop\hibernatefromscratch\start\src\main\resources
2023-04-20 17:28:35,393 [Worker-19: Building] INFO  o.e.m.c.i.embedder.EclipseLogger - Using 'UTF-8' encoding to copy filtered resources.
2023-04-20 17:28:35,394 [Worker-19: Building] INFO  o.e.m.c.i.embedder.EclipseLogger - skip non existing resourceDirectory C:\Users\IT-GAURANG\Desktop\hibernatefromscratch\start\src\test\resources
2023-04-20 17:30:50,014 [Worker-18: Building] INFO  o.e.m.c.i.embedder.EclipseLogger - Using 'UTF-8' encoding to copy filtered resources.
2023-04-20 17:30:50,014 [Worker-18: Building] INFO  o.e.m.c.i.embedder.EclipseLogger - skip non existing resourceDirectory C:\Users\IT-GAURANG\Desktop\hibernatefromscratch\start\src\main\resources
2023-04-20 17:30:50,017 [Worker-18: Building] INFO  o.e.m.c.i.embedder.EclipseLogger - Using 'UTF-8' encoding to copy filtered resources.
2023-04-20 17:30:50,018 [Worker-18: Building] INFO  o.e.m.c.i.embedder.EclipseLogger - skip non existing resourceDirectory C:\Users\IT-GAURANG\Desktop\hibernatefromscratch\start\src\test\resources
2023-04-20 17:31:35,482 [Worker-17: Building] INFO  o.e.m.c.i.embedder.EclipseLogger - Using 'UTF-8' encoding to copy filtered resources.
2023-04-20 17:31:35,483 [Worker-17: Building] INFO  o.e.m.c.i.embedder.EclipseLogger - skip non existing resourceDirectory C:\Users\IT-GAURANG\Desktop\hibernatefromscratch\start\src\main\resources
2023-04-20 17:31:35,488 [Worker-17: Building] INFO  o.e.m.c.i.embedder.EclipseLogger - Using 'UTF-8' encoding to copy filtered resources.
2023-04-20 17:31:35,488 [Worker-17: Building] INFO  o.e.m.c.i.embedder.EclipseLogger - skip non existing resourceDirectory C:\Users\IT-GAURANG\Desktop\hibernatefromscratch\start\src\test\resources
2023-04-20 17:33:29,871 [Worker-1: Building] INFO  o.e.m.c.i.embedder.EclipseLogger - Using 'UTF-8' encoding to copy filtered resources.
2023-04-20 17:33:29,873 [Worker-1: Building] INFO  o.e.m.c.i.embedder.EclipseLogger - skip non existing resourceDirectory C:\Users\IT-GAURANG\Desktop\hibernatefromscratch\start\src\main\resources
2023-04-20 17:33:29,877 [Worker-1: Building] INFO  o.e.m.c.i.embedder.EclipseLogger - Using 'UTF-8' encoding to copy filtered resources.
2023-04-20 17:33:29,877 [Worker-1: Building] INFO  o.e.m.c.i.embedder.EclipseLogger - skip non existing resourceDirectory C:\Users\IT-GAURANG\Desktop\hibernatefromscratch\start\src\test\resources
2023-04-20 17:34:52,328 [Worker-18: Building Workspace] INFO  o.e.m.c.i.embedder.EclipseLogger - Using 'UTF-8' encoding to copy filtered resources.
2023-04-20 17:34:52,328 [Worker-18: Building Workspace] INFO  o.e.m.c.i.embedder.EclipseLogger - skip non existing resourceDirectory C:\Users\IT-GAURANG\Desktop\hibernatefromscratch\start\src\main\resources
2023-04-20 17:34:52,331 [Worker-18: Building Workspace] INFO  o.e.m.c.i.embedder.EclipseLogger - Using 'UTF-8' encoding to copy filtered resources.
2023-04-20 17:34:52,331 [Worker-18: Building Workspace] INFO  o.e.m.c.i.embedder.EclipseLogger - skip non existing resourceDirectory C:\Users\IT-GAURANG\Desktop\hibernatefromscratch\start\src\test\resources
2023-04-20 17:40:41,412 [Worker-1: Building] INFO  o.e.m.c.i.embedder.EclipseLogger - Using 'UTF-8' encoding to copy filtered resources.
2023-04-20 17:40:41,413 [Worker-1: Building] INFO  o.e.m.c.i.embedder.EclipseLogger - skip non existing resourceDirectory C:\Users\IT-GAURANG\Desktop\hibernatefromscratch\start\src\main\resources
2023-04-20 17:40:41,418 [Worker-1: Building] INFO  o.e.m.c.i.embedder.EclipseLogger - Using 'UTF-8' encoding to copy filtered resources.
2023-04-20 17:40:41,419 [Worker-1: Building] INFO  o.e.m.c.i.embedder.EclipseLogger - skip non existing resourceDirectory C:\Users\IT-GAURANG\Desktop\hibernatefromscratch\start\src\test\resources
2023-04-20 17:41:30,895 [Worker-10: Building] INFO  o.e.m.c.i.embedder.EclipseLogger - Using 'UTF-8' encoding to copy filtered resources.
2023-04-20 17:41:30,896 [Worker-10: Building] INFO  o.e.m.c.i.embedder.EclipseLogger - skip non existing resourceDirectory C:\Users\IT-GAURANG\Desktop\hibernatefromscratch\start\src\main\resources
2023-04-20 17:41:30,899 [Worker-10: Building] INFO  o.e.m.c.i.embedder.EclipseLogger - Using 'UTF-8' encoding to copy filtered resources.
2023-04-20 17:41:30,900 [Worker-10: Building] INFO  o.e.m.c.i.embedder.EclipseLogger - skip non existing resourceDirectory C:\Users\IT-GAURANG\Desktop\hibernatefromscratch\start\src\test\resources
2023-04-20 17:46:54,881 [Worker-19: Building] INFO  o.e.m.c.i.embedder.EclipseLogger - Using 'UTF-8' encoding to copy filtered resources.
2023-04-20 17:46:54,882 [Worker-19: Building] INFO  o.e.m.c.i.embedder.EclipseLogger - skip non existing resourceDirectory C:\Users\IT-GAURANG\Desktop\hibernatefromscratch\start\src\main\resources
2023-04-20 17:46:54,886 [Worker-19: Building] INFO  o.e.m.c.i.embedder.EclipseLogger - Using 'UTF-8' encoding to copy filtered resources.
2023-04-20 17:46:54,886 [Worker-19: Building] INFO  o.e.m.c.i.embedder.EclipseLogger - skip non existing resourceDirectory C:\Users\IT-GAURANG\Desktop\hibernatefromscratch\start\src\test\resources
2023-04-20 17:48:21,379 [Worker-22: Building] INFO  o.e.m.c.i.embedder.EclipseLogger - Using 'UTF-8' encoding to copy filtered resources.
2023-04-20 17:48:21,380 [Worker-22: Building] INFO  o.e.m.c.i.embedder.EclipseLogger - skip non existing resourceDirectory C:\Users\IT-GAURANG\Desktop\hibernatefromscratch\start\src\main\resources
2023-04-20 17:48:21,384 [Worker-22: Building] INFO  o.e.m.c.i.embedder.EclipseLogger - Using 'UTF-8' encoding to copy filtered resources.
2023-04-20 17:48:21,384 [Worker-22: Building] INFO  o.e.m.c.i.embedder.EclipseLogger - skip non existing resourceDirectory C:\Users\IT-GAURANG\Desktop\hibernatefromscratch\start\src\test\resources
2023-04-20 17:49:15,927 [Worker-23: Building] INFO  o.e.m.c.i.embedder.EclipseLogger - Using 'UTF-8' encoding to copy filtered resources.
2023-04-20 17:49:15,928 [Worker-23: Building] INFO  o.e.m.c.i.embedder.EclipseLogger - skip non existing resourceDirectory C:\Users\IT-GAURANG\Desktop\hibernatefromscratch\start\src\main\resources
2023-04-20 17:49:15,932 [Worker-23: Building] INFO  o.e.m.c.i.embedder.EclipseLogger - Using 'UTF-8' encoding to copy filtered resources.
2023-04-20 17:49:15,932 [Worker-23: Building] INFO  o.e.m.c.i.embedder.EclipseLogger - skip non existing resourceDirectory C:\Users\IT-GAURANG\Desktop\hibernatefromscratch\start\src\test\resources
2023-04-20 17:51:22,340 [Worker-19: Building] INFO  o.e.m.c.i.embedder.EclipseLogger - Using 'UTF-8' encoding to copy filtered resources.
2023-04-20 17:51:22,341 [Worker-19: Building] INFO  o.e.m.c.i.embedder.EclipseLogger - skip non existing resourceDirectory C:\Users\IT-GAURANG\Desktop\hibernatefromscratch\start\src\main\resources
2023-04-20 17:51:22,344 [Worker-19: Building] INFO  o.e.m.c.i.embedder.EclipseLogger - Using 'UTF-8' encoding to copy filtered resources.
2023-04-20 17:51:22,345 [Worker-19: Building] INFO  o.e.m.c.i.embedder.EclipseLogger - skip non existing resourceDirectory C:\Users\IT-GAURANG\Desktop\hibernatefromscratch\start\src\test\resources
2023-04-20 17:51:29,107 [Worker-23: Building] INFO  o.e.m.c.i.embedder.EclipseLogger - Using 'UTF-8' encoding to copy filtered resources.
2023-04-20 17:51:29,107 [Worker-23: Building] INFO  o.e.m.c.i.embedder.EclipseLogger - skip non existing resourceDirectory C:\Users\IT-GAURANG\Desktop\hibernatefromscratch\start\src\main\resources
2023-04-20 17:51:29,111 [Worker-23: Building] INFO  o.e.m.c.i.embedder.EclipseLogger - Using 'UTF-8' encoding to copy filtered resources.
2023-04-20 17:51:29,111 [Worker-23: Building] INFO  o.e.m.c.i.embedder.EclipseLogger - skip non existing resourceDirectory C:\Users\IT-GAURANG\Desktop\hibernatefromscratch\start\src\test\resources
2023-04-20 18:02:23,602 [Worker-2: Loading available Gradle versions] INFO  o.e.b.c.i.u.g.PublishedGradleVersions - Gradle version information cache is up-to-date. Trying to read.
2023-04-20 18:04:45,506 [Worker-7: Building] INFO  o.e.m.c.i.embedder.EclipseLogger - Using 'UTF-8' encoding to copy filtered resources.
2023-04-20 18:04:45,509 [Worker-7: Building] INFO  o.e.m.c.i.embedder.EclipseLogger - skip non existing resourceDirectory C:\Users\IT-GAURANG\Desktop\hibernatefromscratch\start\src\main\resources
2023-04-20 18:04:45,517 [Worker-7: Building] INFO  o.e.m.c.i.embedder.EclipseLogger - Using 'UTF-8' encoding to copy filtered resources.
2023-04-20 18:04:45,518 [Worker-7: Building] INFO  o.e.m.c.i.embedder.EclipseLogger - skip non existing resourceDirectory C:\Users\IT-GAURANG\Desktop\hibernatefromscratch\start\src\test\resources
2023-04-20 18:08:20,385 [Worker-3: Building] INFO  o.e.m.c.i.embedder.EclipseLogger - Using 'UTF-8' encoding to copy filtered resources.
2023-04-20 18:08:20,386 [Worker-3: Building] INFO  o.e.m.c.i.embedder.EclipseLogger - skip non existing resourceDirectory C:\Users\IT-GAURANG\Desktop\hibernatefromscratch\start\src\main\resources
2023-04-20 18:08:20,391 [Worker-3: Building] INFO  o.e.m.c.i.embedder.EclipseLogger - Using 'UTF-8' encoding to copy filtered resources.
2023-04-20 18:08:20,392 [Worker-3: Building] INFO  o.e.m.c.i.embedder.EclipseLogger - skip non existing resourceDirectory C:\Users\IT-GAURANG\Desktop\hibernatefromscratch\start\src\test\resources
2023-04-20 18:11:18,338 [Worker-6: Building] INFO  o.e.m.c.i.embedder.EclipseLogger - Using 'UTF-8' encoding to copy filtered resources.
2023-04-20 18:11:18,339 [Worker-6: Building] INFO  o.e.m.c.i.embedder.EclipseLogger - skip non existing resourceDirectory C:\Users\IT-GAURANG\Desktop\hibernatefromscratch\start\src\main\resources
2023-04-20 18:11:18,342 [Worker-6: Building] INFO  o.e.m.c.i.embedder.EclipseLogger - Using 'UTF-8' encoding to copy filtered resources.
2023-04-20 18:11:18,343 [Worker-6: Building] INFO  o.e.m.c.i.embedder.EclipseLogger - skip non existing resourceDirectory C:\Users\IT-GAURANG\Desktop\hibernatefromscratch\start\src\test\resources
2023-04-20 18:14:09,203 [Worker-10: Building] INFO  o.e.m.c.i.embedder.EclipseLogger - Using 'UTF-8' encoding to copy filtered resources.
2023-04-20 18:14:09,203 [Worker-10: Building] INFO  o.e.m.c.i.embedder.EclipseLogger - skip non existing resourceDirectory C:\Users\IT-GAURANG\Desktop\hibernatefromscratch\start\src\main\resources
2023-04-20 18:14:09,206 [Worker-10: Building] INFO  o.e.m.c.i.embedder.EclipseLogger - Using 'UTF-8' encoding to copy filtered resources.
2023-04-20 18:14:09,207 [Worker-10: Building] INFO  o.e.m.c.i.embedder.EclipseLogger - skip non existing resourceDirectory C:\Users\IT-GAURANG\Desktop\hibernatefromscratch\start\src\test\resources
2023-04-22 16:29:09,761 [Worker-2: Loading available Gradle versions] INFO  o.e.b.c.i.u.g.PublishedGradleVersions - Gradle version information cache is out-of-date. Trying to update.
2023-04-25 17:37:11,414 [Worker-2: Loading available Gradle versions] INFO  o.e.b.c.i.u.g.PublishedGradleVersions - Gradle version information cache is out-of-date. Trying to update.
2023-04-25 17:43:06,465 [Worker-8: Building] INFO  o.e.m.c.i.embedder.EclipseLogger - Using 'UTF-8' encoding to copy filtered resources.
2023-04-25 17:43:06,469 [Worker-8: Building] INFO  o.e.m.c.i.embedder.EclipseLogger - skip non existing resourceDirectory C:\Users\IT-GAURANG\Desktop\hibernatefromscratch\start\src\main\resources
2023-04-25 17:43:06,481 [Worker-8: Building] INFO  o.e.m.c.i.embedder.EclipseLogger - Using 'UTF-8' encoding to copy filtered resources.
2023-04-25 17:43:06,484 [Worker-8: Building] INFO  o.e.m.c.i.embedder.EclipseLogger - skip non existing resourceDirectory C:\Users\IT-GAURANG\Desktop\hibernatefromscratch\start\src\test\resources
2023-04-25 17:43:33,203 [Worker-10: Building] INFO  o.e.m.c.i.embedder.EclipseLogger - Using 'UTF-8' encoding to copy filtered resources.
2023-04-25 17:43:33,204 [Worker-10: Building] INFO  o.e.m.c.i.embedder.EclipseLogger - skip non existing resourceDirectory C:\Users\IT-GAURANG\Desktop\hibernatefromscratch\start\src\main\resources
2023-04-25 17:43:33,210 [Worker-10: Building] INFO  o.e.m.c.i.embedder.EclipseLogger - Using 'UTF-8' encoding to copy filtered resources.
2023-04-25 17:43:33,211 [Worker-10: Building] INFO  o.e.m.c.i.embedder.EclipseLogger - skip non existing resourceDirectory C:\Users\IT-GAURANG\Desktop\hibernatefromscratch\start\src\test\resources
2023-04-25 17:44:41,833 [Worker-11: Building] INFO  o.e.m.c.i.embedder.EclipseLogger - Using 'UTF-8' encoding to copy filtered resources.
2023-04-25 17:44:41,834 [Worker-11: Building] INFO  o.e.m.c.i.embedder.EclipseLogger - skip non existing resourceDirectory C:\Users\IT-GAURANG\Desktop\hibernatefromscratch\start\src\main\resources
2023-04-25 17:44:41,838 [Worker-11: Building] INFO  o.e.m.c.i.embedder.EclipseLogger - Using 'UTF-8' encoding to copy filtered resources.
2023-04-25 17:44:41,838 [Worker-11: Building] INFO  o.e.m.c.i.embedder.EclipseLogger - skip non existing resourceDirectory C:\Users\IT-GAURANG\Desktop\hibernatefromscratch\start\src\test\resources
2023-04-25 17:46:05,201 [Worker-10: Building] INFO  o.e.m.c.i.embedder.EclipseLogger - Using 'UTF-8' encoding to copy filtered resources.
2023-04-25 17:46:05,202 [Worker-10: Building] INFO  o.e.m.c.i.embedder.EclipseLogger - skip non existing resourceDirectory C:\Users\IT-GAURANG\Desktop\hibernatefromscratch\start\src\main\resources
2023-04-25 17:46:05,210 [Worker-10: Building] INFO  o.e.m.c.i.embedder.EclipseLogger - Using 'UTF-8' encoding to copy filtered resources.
2023-04-25 17:46:05,211 [Worker-10: Building] INFO  o.e.m.c.i.embedder.EclipseLogger - skip non existing resourceDirectory C:\Users\IT-GAURANG\Desktop\hibernatefromscratch\start\src\test\resources
2023-04-25 17:46:45,255 [Worker-9: Building] INFO  o.e.m.c.i.embedder.EclipseLogger - Using 'UTF-8' encoding to copy filtered resources.
2023-04-25 17:46:45,256 [Worker-9: Building] INFO  o.e.m.c.i.embedder.EclipseLogger - skip non existing resourceDirectory C:\Users\IT-GAURANG\Desktop\hibernatefromscratch\start\src\main\resources
2023-04-25 17:46:45,259 [Worker-9: Building] INFO  o.e.m.c.i.embedder.EclipseLogger - Using 'UTF-8' encoding to copy filtered resources.
2023-04-25 17:46:45,259 [Worker-9: Building] INFO  o.e.m.c.i.embedder.EclipseLogger - skip non existing resourceDirectory C:\Users\IT-GAURANG\Desktop\hibernatefromscratch\start\src\test\resources
2023-04-25 17:48:05,655 [Worker-13: Building] INFO  o.e.m.c.i.embedder.EclipseLogger - Using 'UTF-8' encoding to copy filtered resources.
2023-04-25 17:48:05,656 [Worker-13: Building] INFO  o.e.m.c.i.embedder.EclipseLogger - skip non existing resourceDirectory C:\Users\IT-GAURANG\Desktop\hibernatefromscratch\start\src\main\resources
2023-04-25 17:48:05,659 [Worker-13: Building] INFO  o.e.m.c.i.embedder.EclipseLogger - Using 'UTF-8' encoding to copy filtered resources.
2023-04-25 17:48:05,660 [Worker-13: Building] INFO  o.e.m.c.i.embedder.EclipseLogger - skip non existing resourceDirectory C:\Users\IT-GAURANG\Desktop\hibernatefromscratch\start\src\test\resources
2023-04-25 17:48:36,860 [Worker-0: Building] INFO  o.e.m.c.i.embedder.EclipseLogger - Using 'UTF-8' encoding to copy filtered resources.
2023-04-25 17:48:36,861 [Worker-0: Building] INFO  o.e.m.c.i.embedder.EclipseLogger - skip non existing resourceDirectory C:\Users\IT-GAURANG\Desktop\hibernatefromscratch\start\src\main\resources
2023-04-25 17:48:36,865 [Worker-0: Building] INFO  o.e.m.c.i.embedder.EclipseLogger - Using 'UTF-8' encoding to copy filtered resources.
2023-04-25 17:48:36,865 [Worker-0: Building] INFO  o.e.m.c.i.embedder.EclipseLogger - skip non existing resourceDirectory C:\Users\IT-GAURANG\Desktop\hibernatefromscratch\start\src\test\resources
2023-04-25 17:49:42,670 [Worker-10: Building] INFO  o.e.m.c.i.embedder.EclipseLogger - Using 'UTF-8' encoding to copy filtered resources.
2023-04-25 17:49:42,671 [Worker-10: Building] INFO  o.e.m.c.i.embedder.EclipseLogger - skip non existing resourceDirectory C:\Users\IT-GAURANG\Desktop\hibernatefromscratch\start\src\main\resources
2023-04-25 17:49:42,677 [Worker-10: Building] INFO  o.e.m.c.i.embedder.EclipseLogger - Using 'UTF-8' encoding to copy filtered resources.
2023-04-25 17:49:42,678 [Worker-10: Building] INFO  o.e.m.c.i.embedder.EclipseLogger - skip non existing resourceDirectory C:\Users\IT-GAURANG\Desktop\hibernatefromscratch\start\src\test\resources
2023-04-25 17:50:46,222 [Worker-8: Building] INFO  o.e.m.c.i.embedder.EclipseLogger - Using 'UTF-8' encoding to copy filtered resources.
2023-04-25 17:50:46,223 [Worker-8: Building] INFO  o.e.m.c.i.embedder.EclipseLogger - skip non existing resourceDirectory C:\Users\IT-GAURANG\Desktop\hibernatefromscratch\start\src\main\resources
2023-04-25 17:50:46,231 [Worker-8: Building] INFO  o.e.m.c.i.embedder.EclipseLogger - Using 'UTF-8' encoding to copy filtered resources.
2023-04-25 17:50:46,232 [Worker-8: Building] INFO  o.e.m.c.i.embedder.EclipseLogger - skip non existing resourceDirectory C:\Users\IT-GAURANG\Desktop\hibernatefromscratch\start\src\test\resources
2023-04-25 17:51:23,562 [Worker-13: Building] INFO  o.e.m.c.i.embedder.EclipseLogger - Using 'UTF-8' encoding to copy filtered resources.
2023-04-25 17:51:23,563 [Worker-13: Building] INFO  o.e.m.c.i.embedder.EclipseLogger - skip non existing resourceDirectory C:\Users\IT-GAURANG\Desktop\hibernatefromscratch\start\src\main\resources
2023-04-25 17:51:23,566 [Worker-13: Building] INFO  o.e.m.c.i.embedder.EclipseLogger - Using 'UTF-8' encoding to copy filtered resources.
2023-04-25 17:51:23,567 [Worker-13: Building] INFO  o.e.m.c.i.embedder.EclipseLogger - skip non existing resourceDirectory C:\Users\IT-GAURANG\Desktop\hibernatefromscratch\start\src\test\resources
2023-04-25 17:52:12,916 [Worker-10: Building] INFO  o.e.m.c.i.embedder.EclipseLogger - Using 'UTF-8' encoding to copy filtered resources.
2023-04-25 17:52:12,917 [Worker-10: Building] INFO  o.e.m.c.i.embedder.EclipseLogger - skip non existing resourceDirectory C:\Users\IT-GAURANG\Desktop\hibernatefromscratch\start\src\main\resources
2023-04-25 17:52:12,921 [Worker-10: Building] INFO  o.e.m.c.i.embedder.EclipseLogger - Using 'UTF-8' encoding to copy filtered resources.
2023-04-25 17:52:12,921 [Worker-10: Building] INFO  o.e.m.c.i.embedder.EclipseLogger - skip non existing resourceDirectory C:\Users\IT-GAURANG\Desktop\hibernatefromscratch\start\src\test\resources
2023-04-25 17:54:35,115 [Worker-12: Building] INFO  o.e.m.c.i.embedder.EclipseLogger - Using 'UTF-8' encoding to copy filtered resources.
2023-04-25 17:54:35,116 [Worker-12: Building] INFO  o.e.m.c.i.embedder.EclipseLogger - skip non existing resourceDirectory C:\Users\IT-GAURANG\Desktop\hibernatefromscratch\start\src\main\resources
2023-04-25 17:54:35,119 [Worker-12: Building] INFO  o.e.m.c.i.embedder.EclipseLogger - Using 'UTF-8' encoding to copy filtered resources.
2023-04-25 17:54:35,120 [Worker-12: Building] INFO  o.e.m.c.i.embedder.EclipseLogger - skip non existing resourceDirectory C:\Users\IT-GAURANG\Desktop\hibernatefromscratch\start\src\test\resources
2023-04-25 18:00:02,133 [Worker-10: Building] INFO  o.e.m.c.i.embedder.EclipseLogger - Using 'UTF-8' encoding to copy filtered resources.
2023-04-25 18:00:02,136 [Worker-10: Building] INFO  o.e.m.c.i.embedder.EclipseLogger - skip non existing resourceDirectory C:\Users\IT-GAURANG\Desktop\hibernatefromscratch\start\src\main\resources
2023-04-25 18:00:02,147 [Worker-10: Building] INFO  o.e.m.c.i.embedder.EclipseLogger - Using 'UTF-8' encoding to copy filtered resources.
2023-04-25 18:00:02,148 [Worker-10: Building] INFO  o.e.m.c.i.embedder.EclipseLogger - skip non existing resourceDirectory C:\Users\IT-GAURANG\Desktop\hibernatefromscratch\start\src\test\resources
2023-04-25 18:02:57,360 [Worker-9: Building] INFO  o.e.m.c.i.embedder.EclipseLogger - Using 'UTF-8' encoding to copy filtered resources.
2023-04-25 18:02:57,360 [Worker-9: Building] INFO  o.e.m.c.i.embedder.EclipseLogger - skip non existing resourceDirectory C:\Users\IT-GAURANG\Desktop\hibernatefromscratch\start\src\main\resources
2023-04-25 18:02:57,363 [Worker-9: Building] INFO  o.e.m.c.i.embedder.EclipseLogger - Using 'UTF-8' encoding to copy filtered resources.
2023-04-25 18:02:57,364 [Worker-9: Building] INFO  o.e.m.c.i.embedder.EclipseLogger - skip non existing resourceDirectory C:\Users\IT-GAURANG\Desktop\hibernatefromscratch\start\src\test\resources
2023-04-25 18:03:25,310 [Worker-15: Building] INFO  o.e.m.c.i.embedder.EclipseLogger - Using 'UTF-8' encoding to copy filtered resources.
2023-04-25 18:03:25,310 [Worker-15: Building] INFO  o.e.m.c.i.embedder.EclipseLogger - skip non existing resourceDirectory C:\Users\IT-GAURANG\Desktop\hibernatefromscratch\start\src\main\resources
2023-04-25 18:03:25,314 [Worker-15: Building] INFO  o.e.m.c.i.embedder.EclipseLogger - Using 'UTF-8' encoding to copy filtered resources.
2023-04-25 18:03:25,314 [Worker-15: Building] INFO  o.e.m.c.i.embedder.EclipseLogger - skip non existing resourceDirectory C:\Users\IT-GAURANG\Desktop\hibernatefromscratch\start\src\test\resources
2023-04-25 18:03:35,145 [Worker-9: Building] INFO  o.e.m.c.i.embedder.EclipseLogger - Using 'UTF-8' encoding to copy filtered resources.
2023-04-25 18:03:35,145 [Worker-9: Building] INFO  o.e.m.c.i.embedder.EclipseLogger - skip non existing resourceDirectory C:\Users\IT-GAURANG\Desktop\hibernatefromscratch\start\src\main\resources
2023-04-25 18:03:35,150 [Worker-9: Building] INFO  o.e.m.c.i.embedder.EclipseLogger - Using 'UTF-8' encoding to copy filtered resources.
2023-04-25 18:03:35,153 [Worker-9: Building] INFO  o.e.m.c.i.embedder.EclipseLogger - skip non existing resourceDirectory C:\Users\IT-GAURANG\Desktop\hibernatefromscratch\start\src\test\resources
2023-04-25 18:06:42,195 [Worker-13: Building] INFO  o.e.m.c.i.embedder.EclipseLogger - Using 'UTF-8' encoding to copy filtered resources.
2023-04-25 18:06:42,196 [Worker-13: Building] INFO  o.e.m.c.i.embedder.EclipseLogger - skip non existing resourceDirectory C:\Users\IT-GAURANG\Desktop\hibernatefromscratch\start\src\main\resources
2023-04-25 18:06:42,199 [Worker-13: Building] INFO  o.e.m.c.i.embedder.EclipseLogger - Using 'UTF-8' encoding to copy filtered resources.
2023-04-25 18:06:42,199 [Worker-13: Building] INFO  o.e.m.c.i.embedder.EclipseLogger - skip non existing resourceDirectory C:\Users\IT-GAURANG\Desktop\hibernatefromscratch\start\src\test\resources
2023-04-25 18:09:36,017 [Worker-17: Building] INFO  o.e.m.c.i.embedder.EclipseLogger - Using 'UTF-8' encoding to copy filtered resources.
2023-04-25 18:09:36,018 [Worker-17: Building] INFO  o.e.m.c.i.embedder.EclipseLogger - skip non existing resourceDirectory C:\Users\IT-GAURANG\Desktop\hibernatefromscratch\start\src\main\resources
2023-04-25 18:09:36,036 [Worker-17: Building] INFO  o.e.m.c.i.embedder.EclipseLogger - Using 'UTF-8' encoding to copy filtered resources.
2023-04-25 18:09:36,036 [Worker-17: Building] INFO  o.e.m.c.i.embedder.EclipseLogger - skip non existing resourceDirectory C:\Users\IT-GAURANG\Desktop\hibernatefromscratch\start\src\test\resources
2023-04-25 18:10:10,847 [Worker-15: Building] INFO  o.e.m.c.i.embedder.EclipseLogger - Using 'UTF-8' encoding to copy filtered resources.
2023-04-25 18:10:10,847 [Worker-15: Building] INFO  o.e.m.c.i.embedder.EclipseLogger - skip non existing resourceDirectory C:\Users\IT-GAURANG\Desktop\hibernatefromscratch\start\src\main\resources
2023-04-25 18:10:10,852 [Worker-15: Building] INFO  o.e.m.c.i.embedder.EclipseLogger - Using 'UTF-8' encoding to copy filtered resources.
2023-04-25 18:10:10,852 [Worker-15: Building] INFO  o.e.m.c.i.embedder.EclipseLogger - skip non existing resourceDirectory C:\Users\IT-GAURANG\Desktop\hibernatefromscratch\start\src\test\resources
2023-04-25 18:19:12,070 [Worker-19: Building] INFO  o.e.m.c.i.embedder.EclipseLogger - Using 'UTF-8' encoding to copy filtered resources.
2023-04-25 18:19:12,070 [Worker-19: Building] INFO  o.e.m.c.i.embedder.EclipseLogger - skip non existing resourceDirectory C:\Users\IT-GAURANG\Desktop\hibernatefromscratch\start\src\main\resources
2023-04-25 18:19:12,074 [Worker-19: Building] INFO  o.e.m.c.i.embedder.EclipseLogger - Using 'UTF-8' encoding to copy filtered resources.
2023-04-25 18:19:12,075 [Worker-19: Building] INFO  o.e.m.c.i.embedder.EclipseLogger - skip non existing resourceDirectory C:\Users\IT-GAURANG\Desktop\hibernatefromscratch\start\src\test\resources
2023-04-25 18:20:25,997 [Worker-17: Building] INFO  o.e.m.c.i.embedder.EclipseLogger - Using 'UTF-8' encoding to copy filtered resources.
2023-04-25 18:20:25,998 [Worker-17: Building] INFO  o.e.m.c.i.embedder.EclipseLogger - skip non existing resourceDirectory C:\Users\IT-GAURANG\Desktop\hibernatefromscratch\start\src\main\resources
2023-04-25 18:20:26,002 [Worker-17: Building] INFO  o.e.m.c.i.embedder.EclipseLogger - Using 'UTF-8' encoding to copy filtered resources.
2023-04-25 18:20:26,003 [Worker-17: Building] INFO  o.e.m.c.i.embedder.EclipseLogger - skip non existing resourceDirectory C:\Users\IT-GAURANG\Desktop\hibernatefromscratch\start\src\test\resources
2023-05-16 17:55:18,155 [Worker-0: Loading available Gradle versions] INFO  o.e.b.c.i.u.g.PublishedGradleVersions - Gradle version information cache is up-to-date. Trying to read.
2023-05-18 16:08:55,921 [Worker-1: Loading available Gradle versions] INFO  o.e.b.c.i.u.g.PublishedGradleVersions - Gradle version information cache is out-of-date. Trying to update.
2023-05-18 16:11:01,338 [Worker-6: Launching Main (1)] INFO  o.e.m.c.i.embedder.EclipseLogger - Using 'UTF-8' encoding to copy filtered resources.
2023-05-18 16:11:01,349 [Worker-6: Launching Main (1)] INFO  o.e.m.c.i.embedder.EclipseLogger - skip non existing resourceDirectory C:\Users\IT-GAURANG\Desktop\hibernatefromscratch\start\src\main\resources
2023-05-18 16:11:01,359 [Worker-6: Launching Main (1)] INFO  o.e.m.c.i.embedder.EclipseLogger - Using 'UTF-8' encoding to copy filtered resources.
2023-05-18 16:11:01,360 [Worker-6: Launching Main (1)] INFO  o.e.m.c.i.embedder.EclipseLogger - skip non existing resourceDirectory C:\Users\IT-GAURANG\Desktop\hibernatefromscratch\start\src\test\resources
2023-05-18 16:20:05,145 [Worker-13: Building] INFO  o.e.m.c.i.embedder.EclipseLogger - Using 'UTF-8' encoding to copy filtered resources.
2023-05-18 16:20:05,146 [Worker-13: Building] INFO  o.e.m.c.i.embedder.EclipseLogger - skip non existing resourceDirectory C:\Users\IT-GAURANG\Desktop\hibernatefromscratch\start\src\main\resources
2023-05-18 16:20:05,154 [Worker-13: Building] INFO  o.e.m.c.i.embedder.EclipseLogger - Using 'UTF-8' encoding to copy filtered resources.
2023-05-18 16:20:05,155 [Worker-13: Building] INFO  o.e.m.c.i.embedder.EclipseLogger - skip non existing resourceDirectory C:\Users\IT-GAURANG\Desktop\hibernatefromscratch\start\src\test\resources
2023-05-18 16:20:28,156 [Worker-14: Building] INFO  o.e.m.c.i.embedder.EclipseLogger - Using 'UTF-8' encoding to copy filtered resources.
2023-05-18 16:20:28,158 [Worker-14: Building] INFO  o.e.m.c.i.embedder.EclipseLogger - skip non existing resourceDirectory C:\Users\IT-GAURANG\Desktop\hibernatefromscratch\start\src\main\resources
2023-05-18 16:20:28,164 [Worker-14: Building] INFO  o.e.m.c.i.embedder.EclipseLogger - Using 'UTF-8' encoding to copy filtered resources.
2023-05-18 16:20:28,164 [Worker-14: Building] INFO  o.e.m.c.i.embedder.EclipseLogger - skip non existing resourceDirectory C:\Users\IT-GAURANG\Desktop\hibernatefromscratch\start\src\test\resources
2023-05-18 16:21:20,961 [Worker-15: Building] INFO  o.e.m.c.i.embedder.EclipseLogger - Using 'UTF-8' encoding to copy filtered resources.
2023-05-18 16:21:20,961 [Worker-15: Building] INFO  o.e.m.c.i.embedder.EclipseLogger - skip non existing resourceDirectory C:\Users\IT-GAURANG\Desktop\hibernatefromscratch\start\src\main\resources
2023-05-18 16:21:20,968 [Worker-15: Building] INFO  o.e.m.c.i.embedder.EclipseLogger - Using 'UTF-8' encoding to copy filtered resources.
2023-05-18 16:21:20,969 [Worker-15: Building] INFO  o.e.m.c.i.embedder.EclipseLogger - skip non existing resourceDirectory C:\Users\IT-GAURANG\Desktop\hibernatefromscratch\start\src\test\resources
2023-05-18 16:21:52,670 [Worker-13: Building] INFO  o.e.m.c.i.embedder.EclipseLogger - Using 'UTF-8' encoding to copy filtered resources.
2023-05-18 16:21:52,671 [Worker-13: Building] INFO  o.e.m.c.i.embedder.EclipseLogger - skip non existing resourceDirectory C:\Users\IT-GAURANG\Desktop\hibernatefromscratch\start\src\main\resources
2023-05-18 16:21:52,674 [Worker-13: Building] INFO  o.e.m.c.i.embedder.EclipseLogger - Using 'UTF-8' encoding to copy filtered resources.
2023-05-18 16:21:52,674 [Worker-13: Building] INFO  o.e.m.c.i.embedder.EclipseLogger - skip non existing resourceDirectory C:\Users\IT-GAURANG\Desktop\hibernatefromscratch\start\src\test\resources
2023-05-18 16:23:35,590 [Worker-15: Building] INFO  o.e.m.c.i.embedder.EclipseLogger - Using 'UTF-8' encoding to copy filtered resources.
2023-05-18 16:23:35,591 [Worker-15: Building] INFO  o.e.m.c.i.embedder.EclipseLogger - skip non existing resourceDirectory C:\Users\IT-GAURANG\Desktop\hibernatefromscratch\start\src\main\resources
2023-05-18 16:23:35,601 [Worker-15: Building] INFO  o.e.m.c.i.embedder.EclipseLogger - Using 'UTF-8' encoding to copy filtered resources.
2023-05-18 16:23:35,601 [Worker-15: Building] INFO  o.e.m.c.i.embedder.EclipseLogger - skip non existing resourceDirectory C:\Users\IT-GAURANG\Desktop\hibernatefromscratch\start\src\test\resources
2023-05-18 16:23:43,442 [Worker-15: Building] INFO  o.e.m.c.i.embedder.EclipseLogger - Using 'UTF-8' encoding to copy filtered resources.
2023-05-18 16:23:43,443 [Worker-15: Building] INFO  o.e.m.c.i.embedder.EclipseLogger - skip non existing resourceDirectory C:\Users\IT-GAURANG\Desktop\hibernatefromscratch\start\src\main\resources
2023-05-18 16:23:43,450 [Worker-15: Building] INFO  o.e.m.c.i.embedder.EclipseLogger - Using 'UTF-8' encoding to copy filtered resources.
2023-05-18 16:23:43,451 [Worker-15: Building] INFO  o.e.m.c.i.embedder.EclipseLogger - skip non existing resourceDirectory C:\Users\IT-GAURANG\Desktop\hibernatefromscratch\start\src\test\resources
2023-05-18 16:23:50,675 [Worker-16: Building] INFO  o.e.m.c.i.embedder.EclipseLogger - Using 'UTF-8' encoding to copy filtered resources.
2023-05-18 16:23:50,678 [Worker-16: Building] INFO  o.e.m.c.i.embedder.EclipseLogger - skip non existing resourceDirectory C:\Users\IT-GAURANG\Desktop\hibernatefromscratch\start\src\main\resources
2023-05-18 16:23:50,682 [Worker-16: Building] INFO  o.e.m.c.i.embedder.EclipseLogger - Using 'UTF-8' encoding to copy filtered resources.
2023-05-18 16:23:50,683 [Worker-16: Building] INFO  o.e.m.c.i.embedder.EclipseLogger - skip non existing resourceDirectory C:\Users\IT-GAURANG\Desktop\hibernatefromscratch\start\src\test\resources
2023-05-18 16:23:59,176 [Worker-17: Building] INFO  o.e.m.c.i.embedder.EclipseLogger - Using 'UTF-8' encoding to copy filtered resources.
2023-05-18 16:23:59,177 [Worker-17: Building] INFO  o.e.m.c.i.embedder.EclipseLogger - skip non existing resourceDirectory C:\Users\IT-GAURANG\Desktop\hibernatefromscratch\start\src\main\resources
2023-05-18 16:23:59,183 [Worker-17: Building] INFO  o.e.m.c.i.embedder.EclipseLogger - Using 'UTF-8' encoding to copy filtered resources.
2023-05-18 16:23:59,184 [Worker-17: Building] INFO  o.e.m.c.i.embedder.EclipseLogger - skip non existing resourceDirectory C:\Users\IT-GAURANG\Desktop\hibernatefromscratch\start\src\test\resources
2023-05-18 16:24:09,503 [Worker-15: Building] INFO  o.e.m.c.i.embedder.EclipseLogger - Using 'UTF-8' encoding to copy filtered resources.
2023-05-18 16:24:09,503 [Worker-15: Building] INFO  o.e.m.c.i.embedder.EclipseLogger - skip non existing resourceDirectory C:\Users\IT-GAURANG\Desktop\hibernatefromscratch\start\src\main\resources
2023-05-18 16:24:09,508 [Worker-15: Building] INFO  o.e.m.c.i.embedder.EclipseLogger - Using 'UTF-8' encoding to copy filtered resources.
2023-05-18 16:24:09,509 [Worker-15: Building] INFO  o.e.m.c.i.embedder.EclipseLogger - skip non existing resourceDirectory C:\Users\IT-GAURANG\Desktop\hibernatefromscratch\start\src\test\resources
2023-05-18 16:24:18,472 [Worker-14: Building] INFO  o.e.m.c.i.embedder.EclipseLogger - Using 'UTF-8' encoding to copy filtered resources.
2023-05-18 16:24:18,473 [Worker-14: Building] INFO  o.e.m.c.i.embedder.EclipseLogger - skip non existing resourceDirectory C:\Users\IT-GAURANG\Desktop\hibernatefromscratch\start\src\main\resources
2023-05-18 16:24:18,480 [Worker-14: Building] INFO  o.e.m.c.i.embedder.EclipseLogger - Using 'UTF-8' encoding to copy filtered resources.
2023-05-18 16:24:18,480 [Worker-14: Building] INFO  o.e.m.c.i.embedder.EclipseLogger - skip non existing resourceDirectory C:\Users\IT-GAURANG\Desktop\hibernatefromscratch\start\src\test\resources
2023-05-18 16:25:56,247 [Worker-16: Building] INFO  o.e.m.c.i.embedder.EclipseLogger - Using 'UTF-8' encoding to copy filtered resources.
2023-05-18 16:25:56,247 [Worker-16: Building] INFO  o.e.m.c.i.embedder.EclipseLogger - skip non existing resourceDirectory C:\Users\IT-GAURANG\Desktop\hibernatefromscratch\start\src\main\resources
2023-05-18 16:25:56,251 [Worker-16: Building] INFO  o.e.m.c.i.embedder.EclipseLogger - Using 'UTF-8' encoding to copy filtered resources.
2023-05-18 16:25:56,251 [Worker-16: Building] INFO  o.e.m.c.i.embedder.EclipseLogger - skip non existing resourceDirectory C:\Users\IT-GAURANG\Desktop\hibernatefromscratch\start\src\test\resources
2023-05-18 16:26:02,235 [Worker-12: Building] INFO  o.e.m.c.i.embedder.EclipseLogger - Using 'UTF-8' encoding to copy filtered resources.
2023-05-18 16:26:02,236 [Worker-12: Building] INFO  o.e.m.c.i.embedder.EclipseLogger - skip non existing resourceDirectory C:\Users\IT-GAURANG\Desktop\hibernatefromscratch\start\src\main\resources
2023-05-18 16:26:02,239 [Worker-12: Building] INFO  o.e.m.c.i.embedder.EclipseLogger - Using 'UTF-8' encoding to copy filtered resources.
2023-05-18 16:26:02,239 [Worker-12: Building] INFO  o.e.m.c.i.embedder.EclipseLogger - skip non existing resourceDirectory C:\Users\IT-GAURANG\Desktop\hibernatefromscratch\start\src\test\resources
2023-05-18 16:26:13,481 [Worker-15: Building] INFO  o.e.m.c.i.embedder.EclipseLogger - Using 'UTF-8' encoding to copy filtered resources.
2023-05-18 16:26:13,482 [Worker-15: Building] INFO  o.e.m.c.i.embedder.EclipseLogger - skip non existing resourceDirectory C:\Users\IT-GAURANG\Desktop\hibernatefromscratch\start\src\main\resources
2023-05-18 16:26:13,485 [Worker-15: Building] INFO  o.e.m.c.i.embedder.EclipseLogger - Using 'UTF-8' encoding to copy filtered resources.
2023-05-18 16:26:13,485 [Worker-15: Building] INFO  o.e.m.c.i.embedder.EclipseLogger - skip non existing resourceDirectory C:\Users\IT-GAURANG\Desktop\hibernatefromscratch\start\src\test\resources
2023-05-18 16:26:23,532 [Worker-13: Building] INFO  o.e.m.c.i.embedder.EclipseLogger - Using 'UTF-8' encoding to copy filtered resources.
2023-05-18 16:26:23,537 [Worker-13: Building] INFO  o.e.m.c.i.embedder.EclipseLogger - skip non existing resourceDirectory C:\Users\IT-GAURANG\Desktop\hibernatefromscratch\start\src\main\resources
2023-05-18 16:26:23,540 [Worker-13: Building] INFO  o.e.m.c.i.embedder.EclipseLogger - Using 'UTF-8' encoding to copy filtered resources.
2023-05-18 16:26:23,540 [Worker-13: Building] INFO  o.e.m.c.i.embedder.EclipseLogger - skip non existing resourceDirectory C:\Users\IT-GAURANG\Desktop\hibernatefromscratch\start\src\test\resources
2023-05-18 16:28:26,551 [Worker-12: Building] INFO  o.e.m.c.i.embedder.EclipseLogger - Using 'UTF-8' encoding to copy filtered resources.
2023-05-18 16:28:26,551 [Worker-12: Building] INFO  o.e.m.c.i.embedder.EclipseLogger - skip non existing resourceDirectory C:\Users\IT-GAURANG\Desktop\hibernatefromscratch\start\src\main\resources
2023-05-18 16:28:26,556 [Worker-12: Building] INFO  o.e.m.c.i.embedder.EclipseLogger - Using 'UTF-8' encoding to copy filtered resources.
2023-05-18 16:28:26,556 [Worker-12: Building] INFO  o.e.m.c.i.embedder.EclipseLogger - skip non existing resourceDirectory C:\Users\IT-GAURANG\Desktop\hibernatefromscratch\start\src\test\resources
2023-05-18 16:29:44,589 [Worker-14: Building] INFO  o.e.m.c.i.embedder.EclipseLogger - Using 'UTF-8' encoding to copy filtered resources.
2023-05-18 16:29:44,589 [Worker-14: Building] INFO  o.e.m.c.i.embedder.EclipseLogger - skip non existing resourceDirectory C:\Users\IT-GAURANG\Desktop\hibernatefromscratch\start\src\main\resources
2023-05-18 16:29:44,592 [Worker-14: Building] INFO  o.e.m.c.i.embedder.EclipseLogger - Using 'UTF-8' encoding to copy filtered resources.
2023-05-18 16:29:44,593 [Worker-14: Building] INFO  o.e.m.c.i.embedder.EclipseLogger - skip non existing resourceDirectory C:\Users\IT-GAURANG\Desktop\hibernatefromscratch\start\src\test\resources
2023-05-18 16:31:10,668 [Worker-15: Building] INFO  o.e.m.c.i.embedder.EclipseLogger - Using 'UTF-8' encoding to copy filtered resources.
2023-05-18 16:31:10,669 [Worker-15: Building] INFO  o.e.m.c.i.embedder.EclipseLogger - skip non existing resourceDirectory C:\Users\IT-GAURANG\Desktop\hibernatefromscratch\start\src\main\resources
2023-05-18 16:31:10,686 [Worker-15: Building] INFO  o.e.m.c.i.embedder.EclipseLogger - Using 'UTF-8' encoding to copy filtered resources.
2023-05-18 16:31:10,686 [Worker-15: Building] INFO  o.e.m.c.i.embedder.EclipseLogger - skip non existing resourceDirectory C:\Users\IT-GAURANG\Desktop\hibernatefromscratch\start\src\test\resources
2023-05-18 16:31:51,226 [Worker-15: Building] INFO  o.e.m.c.i.embedder.EclipseLogger - Using 'UTF-8' encoding to copy filtered resources.
2023-05-18 16:31:51,227 [Worker-15: Building] INFO  o.e.m.c.i.embedder.EclipseLogger - skip non existing resourceDirectory C:\Users\IT-GAURANG\Desktop\hibernatefromscratch\start\src\main\resources
2023-05-18 16:31:51,230 [Worker-15: Building] INFO  o.e.m.c.i.embedder.EclipseLogger - Using 'UTF-8' encoding to copy filtered resources.
2023-05-18 16:31:51,230 [Worker-15: Building] INFO  o.e.m.c.i.embedder.EclipseLogger - skip non existing resourceDirectory C:\Users\IT-GAURANG\Desktop\hibernatefromscratch\start\src\test\resources
2023-05-18 16:43:58,257 [Worker-12: Building] INFO  o.e.m.c.i.embedder.EclipseLogger - Using 'UTF-8' encoding to copy filtered resources.
2023-05-18 16:43:58,258 [Worker-12: Building] INFO  o.e.m.c.i.embedder.EclipseLogger - skip non existing resourceDirectory C:\Users\IT-GAURANG\Desktop\hibernatefromscratch\start\src\main\resources
2023-05-18 16:43:58,261 [Worker-12: Building] INFO  o.e.m.c.i.embedder.EclipseLogger - Using 'UTF-8' encoding to copy filtered resources.
2023-05-18 16:43:58,262 [Worker-12: Building] INFO  o.e.m.c.i.embedder.EclipseLogger - skip non existing resourceDirectory C:\Users\IT-GAURANG\Desktop\hibernatefromscratch\start\src\test\resources
2023-05-18 16:44:52,001 [Worker-17: Building] INFO  o.e.m.c.i.embedder.EclipseLogger - Using 'UTF-8' encoding to copy filtered resources.
2023-05-18 16:44:52,002 [Worker-17: Building] INFO  o.e.m.c.i.embedder.EclipseLogger - skip non existing resourceDirectory C:\Users\IT-GAURANG\Desktop\hibernatefromscratch\start\src\main\resources
2023-05-18 16:44:52,007 [Worker-17: Building] INFO  o.e.m.c.i.embedder.EclipseLogger - Using 'UTF-8' encoding to copy filtered resources.
2023-05-18 16:44:52,007 [Worker-17: Building] INFO  o.e.m.c.i.embedder.EclipseLogger - skip non existing resourceDirectory C:\Users\IT-GAURANG\Desktop\hibernatefromscratch\start\src\test\resources
